This is pdfTeX, Version 3.14159265-2.6-1.40.21 (TeX Live 2020/W32TeX) (preloaded format=pdflatex 2021.3.23)  28 JUN 2022 13:56
entering extended mode
 restricted \write18 enabled.
 %&-line parsing enabled.
**_main.tex
(./_main.tex
LaTeX2e <2020-10-01> patch level 4
L3 programming layer <2021-02-18> (c:/Users/danny/AppData/Roaming/TinyTeX/texmf
-dist/tex/latex/base/book.cls
Document Class: book 2020/04/10 v1.4m Standard LaTeX document class
(c:/Users/danny/AppData/Roaming/TinyTeX/texmf-dist/tex/latex/base/bk10.clo
File: bk10.clo 2020/04/10 v1.4m Standard LaTeX file (size option)
)
\c@part=\count179
\c@chapter=\count180
\c@section=\count181
\c@subsection=\count182
\c@subsubsection=\count183
\c@paragraph=\count184
\c@subparagraph=\count185
\c@figure=\count186
\c@table=\count187
\abovecaptionskip=\skip47
\belowcaptionskip=\skip48
\bibindent=\dimen138
)
(c:/Users/danny/AppData/Roaming/TinyTeX/texmf-dist/tex/latex/amsmath/amsmath.st
y
Package: amsmath 2020/09/23 v2.17i AMS math features
\@mathmargin=\skip49
For additional information on amsmath, use the `?' option.

(c:/Users/danny/AppData/Roaming/TinyTeX/texmf-dist/tex/latex/amsmath/amstext.st
y
Package: amstext 2000/06/29 v2.01 AMS text

(c:/Users/danny/AppData/Roaming/TinyTeX/texmf-dist/tex/latex/amsmath/amsgen.sty
File: amsgen.sty 1999/11/30 v2.0 generic functions
\@emptytoks=\toks15
\ex@=\dimen139
))
(c:/Users/danny/AppData/Roaming/TinyTeX/texmf-dist/tex/latex/amsmath/amsbsy.sty
Package: amsbsy 1999/11/29 v1.2d Bold Symbols
\pmbraise@=\dimen140
)
(c:/Users/danny/AppData/Roaming/TinyTeX/texmf-dist/tex/latex/amsmath/amsopn.sty
Package: amsopn 2016/03/08 v2.02 operator names
)
\inf@bad=\count188
LaTeX Info: Redefining \frac on input line 234.
\uproot@=\count189
\leftroot@=\count190
LaTeX Info: Redefining \overline on input line 399.
\classnum@=\count191
\DOTSCASE@=\count192
LaTeX Info: Redefining \ldots on input line 496.
LaTeX Info: Redefining \dots on input line 499.
LaTeX Info: Redefining \cdots on input line 620.
\Mathstrutbox@=\box47
\strutbox@=\box48
\big@size=\dimen141
LaTeX Font Info:    Redeclaring font encoding OML on input line 743.
LaTeX Font Info:    Redeclaring font encoding OMS on input line 744.
\macc@depth=\count193
\c@MaxMatrixCols=\count194
\dotsspace@=\muskip16
\c@parentequation=\count195
\dspbrk@lvl=\count196
\tag@help=\toks16
\row@=\count197
\column@=\count198
\maxfields@=\count199
\andhelp@=\toks17
\eqnshift@=\dimen142
\alignsep@=\dimen143
\tagshift@=\dimen144
\tagwidth@=\dimen145
\totwidth@=\dimen146
\lineht@=\dimen147
\@envbody=\toks18
\multlinegap=\skip50
\multlinetaggap=\skip51
\mathdisplay@stack=\toks19
LaTeX Info: Redefining \[ on input line 2923.
LaTeX Info: Redefining \] on input line 2924.
)
(c:/Users/danny/AppData/Roaming/TinyTeX/texmf-dist/tex/latex/amsfonts/amssymb.s
ty
Package: amssymb 2013/01/14 v3.01 AMS font symbols

(c:/Users/danny/AppData/Roaming/TinyTeX/texmf-dist/tex/latex/amsfonts/amsfonts.
sty
Package: amsfonts 2013/01/14 v3.01 Basic AMSFonts support
\symAMSa=\mathgroup4
\symAMSb=\mathgroup5
LaTeX Font Info:    Redeclaring math symbol \hbar on input line 98.
LaTeX Font Info:    Overwriting math alphabet `\mathfrak' in version `bold'
(Font)                  U/euf/m/n --> U/euf/b/n on input line 106.
)) (c:/Users/danny/AppData/Roaming/TinyTeX/texmf-dist/tex/latex/lm/lmodern.sty
Package: lmodern 2009/10/30 v1.6 Latin Modern Fonts
LaTeX Font Info:    Overwriting symbol font `operators' in version `normal'
(Font)                  OT1/cmr/m/n --> OT1/lmr/m/n on input line 22.
LaTeX Font Info:    Overwriting symbol font `letters' in version `normal'
(Font)                  OML/cmm/m/it --> OML/lmm/m/it on input line 23.
LaTeX Font Info:    Overwriting symbol font `symbols' in version `normal'
(Font)                  OMS/cmsy/m/n --> OMS/lmsy/m/n on input line 24.
LaTeX Font Info:    Overwriting symbol font `largesymbols' in version `normal'
(Font)                  OMX/cmex/m/n --> OMX/lmex/m/n on input line 25.
LaTeX Font Info:    Overwriting symbol font `operators' in version `bold'
(Font)                  OT1/cmr/bx/n --> OT1/lmr/bx/n on input line 26.
LaTeX Font Info:    Overwriting symbol font `letters' in version `bold'
(Font)                  OML/cmm/b/it --> OML/lmm/b/it on input line 27.
LaTeX Font Info:    Overwriting symbol font `symbols' in version `bold'
(Font)                  OMS/cmsy/b/n --> OMS/lmsy/b/n on input line 28.
LaTeX Font Info:    Overwriting symbol font `largesymbols' in version `bold'
(Font)                  OMX/cmex/m/n --> OMX/lmex/m/n on input line 29.
LaTeX Font Info:    Overwriting math alphabet `\mathbf' in version `normal'
(Font)                  OT1/cmr/bx/n --> OT1/lmr/bx/n on input line 31.
LaTeX Font Info:    Overwriting math alphabet `\mathsf' in version `normal'
(Font)                  OT1/cmss/m/n --> OT1/lmss/m/n on input line 32.
LaTeX Font Info:    Overwriting math alphabet `\mathit' in version `normal'
(Font)                  OT1/cmr/m/it --> OT1/lmr/m/it on input line 33.
LaTeX Font Info:    Overwriting math alphabet `\mathtt' in version `normal'
(Font)                  OT1/cmtt/m/n --> OT1/lmtt/m/n on input line 34.
LaTeX Font Info:    Overwriting math alphabet `\mathbf' in version `bold'
(Font)                  OT1/cmr/bx/n --> OT1/lmr/bx/n on input line 35.
LaTeX Font Info:    Overwriting math alphabet `\mathsf' in version `bold'
(Font)                  OT1/cmss/bx/n --> OT1/lmss/bx/n on input line 36.
LaTeX Font Info:    Overwriting math alphabet `\mathit' in version `bold'
(Font)                  OT1/cmr/bx/it --> OT1/lmr/bx/it on input line 37.
LaTeX Font Info:    Overwriting math alphabet `\mathtt' in version `bold'
(Font)                  OT1/cmtt/m/n --> OT1/lmtt/m/n on input line 38.
) (c:/Users/danny/AppData/Roaming/TinyTeX/texmf-dist/tex/generic/iftex/iftex.st
y
Package: iftex 2020/03/06 v1.0d TeX engine tests
) (c:/Users/danny/AppData/Roaming/TinyTeX/texmf-dist/tex/latex/base/fontenc.sty
Package: fontenc 2020/08/10 v2.0s Standard LaTeX package
LaTeX Font Info:    Trying to load font information for T1+lmr on input line 11
2.
(c:/Users/danny/AppData/Roaming/TinyTeX/texmf-dist/tex/latex/lm/t1lmr.fd
File: t1lmr.fd 2009/10/30 v1.6 Font defs for Latin Modern
)) (c:/Users/danny/AppData/Roaming/TinyTeX/texmf-dist/tex/latex/base/inputenc.s
ty
Package: inputenc 2020/08/01 v1.3d Input encoding file
\inpenc@prehook=\toks20
\inpenc@posthook=\toks21
) (c:/Users/danny/AppData/Roaming/TinyTeX/texmf-dist/tex/latex/base/textcomp.st
y
Package: textcomp 2020/02/02 v2.0n Standard LaTeX package
) (c:/Users/danny/AppData/Roaming/TinyTeX/texmf-dist/tex/latex/xcolor/xcolor.st
y
Package: xcolor 2016/05/11 v2.12 LaTeX color extensions (UK)

(c:/Users/danny/AppData/Roaming/TinyTeX/texmf-dist/tex/latex/graphics-cfg/color
.cfg
File: color.cfg 2016/01/02 v1.6 sample color configuration
)
Package xcolor Info: Driver file: pdftex.def on input line 225.

(c:/Users/danny/AppData/Roaming/TinyTeX/texmf-dist/tex/latex/graphics-def/pdfte
x.def
File: pdftex.def 2020/10/05 v1.2a Graphics/color driver for pdftex
)
Package xcolor Info: Model `cmy' substituted by `cmy0' on input line 1348.
Package xcolor Info: Model `hsb' substituted by `rgb' on input line 1352.
Package xcolor Info: Model `RGB' extended on input line 1364.
Package xcolor Info: Model `HTML' substituted by `rgb' on input line 1366.
Package xcolor Info: Model `Hsb' substituted by `hsb' on input line 1367.
Package xcolor Info: Model `tHsb' substituted by `hsb' on input line 1368.
Package xcolor Info: Model `HSB' substituted by `hsb' on input line 1369.
Package xcolor Info: Model `Gray' substituted by `gray' on input line 1370.
Package xcolor Info: Model `wave' substituted by `hsb' on input line 1371.

(c:/Users/danny/AppData/Roaming/TinyTeX/texmf-dist/tex/latex/graphics/dvipsnam.
def
File: dvipsnam.def 2016/06/17 v3.0m Driver-dependent file (DPC,SPQR)
) (c:/Users/danny/AppData/Roaming/TinyTeX/texmf-dist/tex/latex/xcolor/svgnam.de
f
File: svgnam.def 2016/05/11 v2.12 Predefined colors according to SVG 1.1 (UK)
) (c:/Users/danny/AppData/Roaming/TinyTeX/texmf-dist/tex/latex/xcolor/x11nam.de
f
File: x11nam.def 2016/05/11 v2.12 Predefined colors according to Unix/X11 (UK)
))
(c:/Users/danny/AppData/Roaming/TinyTeX/texmf-dist/tex/latex/hyperref/hyperref.
sty
Package: hyperref 2021-02-27 v7.00k Hypertext links for LaTeX

(c:/Users/danny/AppData/Roaming/TinyTeX/texmf-dist/tex/generic/ltxcmds/ltxcmds.
sty
Package: ltxcmds 2020-05-10 v1.25 LaTeX kernel commands for general use (HO)
)
(c:/Users/danny/AppData/Roaming/TinyTeX/texmf-dist/tex/generic/pdftexcmds/pdfte
xcmds.sty
Package: pdftexcmds 2020-06-27 v0.33 Utility functions of pdfTeX for LuaTeX (HO
)

(c:/Users/danny/AppData/Roaming/TinyTeX/texmf-dist/tex/generic/infwarerr/infwar
err.sty
Package: infwarerr 2019/12/03 v1.5 Providing info/warning/error messages (HO)
)
Package pdftexcmds Info: \pdf@primitive is available.
Package pdftexcmds Info: \pdf@ifprimitive is available.
Package pdftexcmds Info: \pdfdraftmode found.
)
(c:/Users/danny/AppData/Roaming/TinyTeX/texmf-dist/tex/latex/graphics/keyval.st
y
Package: keyval 2014/10/28 v1.15 key=value parser (DPC)
\KV@toks@=\toks22
)
(c:/Users/danny/AppData/Roaming/TinyTeX/texmf-dist/tex/generic/kvsetkeys/kvsetk
eys.sty
Package: kvsetkeys 2019/12/15 v1.18 Key value parser (HO)
)
(c:/Users/danny/AppData/Roaming/TinyTeX/texmf-dist/tex/generic/kvdefinekeys/kvd
efinekeys.sty
Package: kvdefinekeys 2019-12-19 v1.6 Define keys (HO)
)
(c:/Users/danny/AppData/Roaming/TinyTeX/texmf-dist/tex/generic/pdfescape/pdfesc
ape.sty
Package: pdfescape 2019/12/09 v1.15 Implements pdfTeX's escape features (HO)
)
(c:/Users/danny/AppData/Roaming/TinyTeX/texmf-dist/tex/latex/hycolor/hycolor.st
y
Package: hycolor 2020-01-27 v1.10 Color options for hyperref/bookmark (HO)
)
(c:/Users/danny/AppData/Roaming/TinyTeX/texmf-dist/tex/latex/letltxmacro/letltx
macro.sty
Package: letltxmacro 2019/12/03 v1.6 Let assignment for LaTeX macros (HO)
)
(c:/Users/danny/AppData/Roaming/TinyTeX/texmf-dist/tex/latex/auxhook/auxhook.st
y
Package: auxhook 2019-12-17 v1.6 Hooks for auxiliary files (HO)
)
(c:/Users/danny/AppData/Roaming/TinyTeX/texmf-dist/tex/latex/kvoptions/kvoption
s.sty
Package: kvoptions 2020-10-07 v3.14 Key value format for package options (HO)
)
\@linkdim=\dimen148
\Hy@linkcounter=\count266
\Hy@pagecounter=\count267

(c:/Users/danny/AppData/Roaming/TinyTeX/texmf-dist/tex/latex/hyperref/pd1enc.de
f
File: pd1enc.def 2021-02-27 v7.00k Hyperref: PDFDocEncoding definition (HO)
Now handling font encoding PD1 ...
... no UTF-8 mapping file for font encoding PD1
)
(c:/Users/danny/AppData/Roaming/TinyTeX/texmf-dist/tex/latex/hyperref/hyperref-
langpatches.def
File: hyperref-langpatches.def 2021-02-27 v7.00k Hyperref: patches for babel la
nguages
)
(c:/Users/danny/AppData/Roaming/TinyTeX/texmf-dist/tex/generic/intcalc/intcalc.
sty
Package: intcalc 2019/12/15 v1.3 Expandable calculations with integers (HO)
)
(c:/Users/danny/AppData/Roaming/TinyTeX/texmf-dist/tex/generic/etexcmds/etexcmd
s.sty
Package: etexcmds 2019/12/15 v1.7 Avoid name clashes with e-TeX commands (HO)
)
\Hy@SavedSpaceFactor=\count268

(c:/Users/danny/AppData/Roaming/TinyTeX/texmf-dist/tex/latex/hyperref/puenc.def
File: puenc.def 2021-02-27 v7.00k Hyperref: PDF Unicode definition (HO)
Now handling font encoding PU ...
... no UTF-8 mapping file for font encoding PU
)
Package hyperref Info: Option `unicode' set `true' on input line 4073.
Package hyperref Info: Hyper figures OFF on input line 4192.
Package hyperref Info: Link nesting OFF on input line 4197.
Package hyperref Info: Hyper index ON on input line 4200.
Package hyperref Info: Plain pages OFF on input line 4207.
Package hyperref Info: Backreferencing OFF on input line 4212.
Package hyperref Info: Implicit mode ON; LaTeX internals redefined.
Package hyperref Info: Bookmarks ON on input line 4445.
\c@Hy@tempcnt=\count269
(c:/Users/danny/AppData/Roaming/TinyTeX/texmf-dist/tex/latex/url/url.sty
\Urlmuskip=\muskip17
Package: url 2013/09/16  ver 3.4  Verb mode for urls, etc.
)
LaTeX Info: Redefining \url on input line 4804.
\XeTeXLinkMargin=\dimen149

(c:/Users/danny/AppData/Roaming/TinyTeX/texmf-dist/tex/generic/bitset/bitset.st
y
Package: bitset 2019/12/09 v1.3 Handle bit-vector datatype (HO)

(c:/Users/danny/AppData/Roaming/TinyTeX/texmf-dist/tex/generic/bigintcalc/bigin
tcalc.sty
Package: bigintcalc 2019/12/15 v1.5 Expandable calculations on big integers (HO
)
))
\Fld@menulength=\count270
\Field@Width=\dimen150
\Fld@charsize=\dimen151
Package hyperref Info: Hyper figures OFF on input line 6075.
Package hyperref Info: Link nesting OFF on input line 6080.
Package hyperref Info: Hyper index ON on input line 6083.
Package hyperref Info: backreferencing OFF on input line 6090.
Package hyperref Info: Link coloring OFF on input line 6095.
Package hyperref Info: Link coloring with OCG OFF on input line 6100.
Package hyperref Info: PDF/A mode OFF on input line 6105.
LaTeX Info: Redefining \ref on input line 6145.
LaTeX Info: Redefining \pageref on input line 6149.

(c:/Users/danny/AppData/Roaming/TinyTeX/texmf-dist/tex/latex/base/atbegshi-ltx.
sty
Package: atbegshi-ltx 2020/08/17 v1.0a Emulation of the original atbegshi packa
ge
with kernel methods
)
\Hy@abspage=\count271
\c@Item=\count272
\c@Hfootnote=\count273
)
Package hyperref Info: Driver (autodetected): hpdftex.

(c:/Users/danny/AppData/Roaming/TinyTeX/texmf-dist/tex/latex/hyperref/hpdftex.d
ef
File: hpdftex.def 2021-02-27 v7.00k Hyperref driver for pdfTeX

(c:/Users/danny/AppData/Roaming/TinyTeX/texmf-dist/tex/latex/base/atveryend-ltx
.sty
Package: atveryend-ltx 2020/08/19 v1.0a Emulation of the original atvery packag
e
with kernel methods
)
\Fld@listcount=\count274
\c@bookmark@seq@number=\count275

(c:/Users/danny/AppData/Roaming/TinyTeX/texmf-dist/tex/latex/rerunfilecheck/rer
unfilecheck.sty
Package: rerunfilecheck 2019/12/05 v1.9 Rerun checks for auxiliary files (HO)

(c:/Users/danny/AppData/Roaming/TinyTeX/texmf-dist/tex/generic/uniquecounter/un
iquecounter.sty
Package: uniquecounter 2019/12/15 v1.4 Provide unlimited unique counter (HO)
)
Package uniquecounter Info: New unique counter `rerunfilecheck' on input line 2
86.
)
\Hy@SectionHShift=\skip52
)
Package hyperref Info: Option `colorlinks' set `true' on input line 51.

(c:/Users/danny/AppData/Roaming/TinyTeX/texmf-dist/tex/latex/fancyvrb/fancyvrb.
sty
Package: fancyvrb 2021/01/20 v3.7 verbatim text (tvz,hv)
\FV@CodeLineNo=\count276
\FV@InFile=\read2
\FV@TabBox=\box49
\c@FancyVerbLine=\count277
\FV@StepNumber=\count278
\FV@OutFile=\write3
) (c:/Users/danny/AppData/Roaming/TinyTeX/texmf-dist/tex/latex/framed/framed.st
y
Package: framed 2011/10/22 v 0.96: framed or shaded text with page breaks
\OuterFrameSep=\skip53
\fb@frw=\dimen152
\fb@frh=\dimen153
\FrameRule=\dimen154
\FrameSep=\dimen155
)
(c:/Users/danny/AppData/Roaming/TinyTeX/texmf-dist/tex/latex/tools/longtable.st
y
Package: longtable 2020/01/07 v4.13 Multi-page Table package (DPC)
\LTleft=\skip54
\LTright=\skip55
\LTpre=\skip56
\LTpost=\skip57
\LTchunksize=\count279
\LTcapwidth=\dimen156
\LT@head=\box50
\LT@firsthead=\box51
\LT@foot=\box52
\LT@lastfoot=\box53
\LT@cols=\count280
\LT@rows=\count281
\c@LT@tables=\count282
\c@LT@chunks=\count283
\LT@p@ftn=\toks23
)
(c:/Users/danny/AppData/Roaming/TinyTeX/texmf-dist/tex/latex/booktabs/booktabs.
sty
Package: booktabs 2020/01/12 v1.61803398 Publication quality tables
\heavyrulewidth=\dimen157
\lightrulewidth=\dimen158
\cmidrulewidth=\dimen159
\belowrulesep=\dimen160
\belowbottomsep=\dimen161
\aboverulesep=\dimen162
\abovetopsep=\dimen163
\cmidrulesep=\dimen164
\cmidrulekern=\dimen165
\defaultaddspace=\dimen166
\@cmidla=\count284
\@cmidlb=\count285
\@aboverulesep=\dimen167
\@belowrulesep=\dimen168
\@thisruleclass=\count286
\@lastruleclass=\count287
\@thisrulewidth=\dimen169
) (c:/Users/danny/AppData/Roaming/TinyTeX/texmf-dist/tex/latex/tools/array.sty
Package: array 2020/10/01 v2.5c Tabular extension package (FMi)
\col@sep=\dimen170
\ar@mcellbox=\box54
\extrarowheight=\dimen171
\NC@list=\toks24
\extratabsurround=\skip58
\backup@length=\skip59
\ar@cellbox=\box55
) (c:/Users/danny/AppData/Roaming/TinyTeX/texmf-dist/tex/latex/tools/calc.sty
Package: calc 2017/05/25 v4.3 Infix arithmetic (KKT,FJ)
\calc@Acount=\count288
\calc@Bcount=\count289
\calc@Adimen=\dimen172
\calc@Bdimen=\dimen173
\calc@Askip=\skip60
\calc@Bskip=\skip61
LaTeX Info: Redefining \setlength on input line 80.
LaTeX Info: Redefining \addtolength on input line 81.
\calc@Ccount=\count290
\calc@Cskip=\skip62
)
(c:/Users/danny/AppData/Roaming/TinyTeX/texmf-dist/tex/latex/etoolbox/etoolbox.
sty
Package: etoolbox 2020/10/05 v2.5k e-TeX tools for LaTeX (JAW)
\etb@tempcnta=\count291
)
(c:/Users/danny/AppData/Roaming/TinyTeX/texmf-dist/tex/latex/mdwtools/footnote.
sty
Package: footnote 1997/01/28 1.13 Save footnotes around boxes
\fn@notes=\box56
\fn@width=\dimen174
)
(c:/Users/danny/AppData/Roaming/TinyTeX/texmf-dist/tex/latex/graphics/graphicx.
sty
Package: graphicx 2020/09/09 v1.2b Enhanced LaTeX Graphics (DPC,SPQR)

(c:/Users/danny/AppData/Roaming/TinyTeX/texmf-dist/tex/latex/graphics/graphics.
sty
Package: graphics 2020/08/30 v1.4c Standard LaTeX Graphics (DPC,SPQR)
(c:/Users/danny/AppData/Roaming/TinyTeX/texmf-dist/tex/latex/graphics/trig.sty
Package: trig 2016/01/03 v1.10 sin cos tan (DPC)
)
(c:/Users/danny/AppData/Roaming/TinyTeX/texmf-dist/tex/latex/graphics-cfg/graph
ics.cfg
File: graphics.cfg 2016/06/04 v1.11 sample graphics configuration
)
Package graphics Info: Driver file: pdftex.def on input line 105.
)
\Gin@req@height=\dimen175
\Gin@req@width=\dimen176
)
(c:/Users/danny/AppData/Roaming/TinyTeX/texmf-dist/tex/latex/comment/comment.st
y
\CommentStream=\write4
Excluding comment 'comment')
(c:/Users/danny/AppData/Roaming/TinyTeX/texmf-dist/tex/latex/geometry/geometry.
sty
Package: geometry 2020/01/02 v5.9 Page Geometry

(c:/Users/danny/AppData/Roaming/TinyTeX/texmf-dist/tex/generic/iftex/ifvtex.sty
Package: ifvtex 2019/10/25 v1.7 ifvtex legacy package. Use iftex instead.
)
\Gm@cnth=\count292
\Gm@cntv=\count293
\c@Gm@tempcnt=\count294
\Gm@bindingoffset=\dimen177
\Gm@wd@mp=\dimen178
\Gm@odd@mp=\dimen179
\Gm@even@mp=\dimen180
\Gm@layoutwidth=\dimen181
\Gm@layoutheight=\dimen182
\Gm@layouthoffset=\dimen183
\Gm@layoutvoffset=\dimen184
\Gm@dimlist=\toks25
)
(c:/Users/danny/AppData/Roaming/TinyTeX/texmf-dist/tex/latex/listings/listings.
sty
\lst@mode=\count295
\lst@gtempboxa=\box57
\lst@token=\toks26
\lst@length=\count296
\lst@currlwidth=\dimen185
\lst@column=\count297
\lst@pos=\count298
\lst@lostspace=\dimen186
\lst@width=\dimen187
\lst@newlines=\count299
\lst@lineno=\count300
\lst@maxwidth=\dimen188

(c:/Users/danny/AppData/Roaming/TinyTeX/texmf-dist/tex/latex/listings/lstmisc.s
ty
File: lstmisc.sty 2020/03/24 1.8d (Carsten Heinz)
\c@lstnumber=\count301
\lst@skipnumbers=\count302
\lst@framebox=\box58
)
(c:/Users/danny/AppData/Roaming/TinyTeX/texmf-dist/tex/latex/listings/listings.
cfg
File: listings.cfg 2020/03/24 1.8d listings configuration
))
Package: listings 2020/03/24 1.8d (Carsten Heinz)

(c:/Users/danny/AppData/Roaming/TinyTeX/texmf-dist/tex/latex/tcolorbox/tcolorbo
x.sty
Package: tcolorbox 2020/10/09 version 4.42 text color boxes

(c:/Users/danny/AppData/Roaming/TinyTeX/texmf-dist/tex/latex/pgf/basiclayer/pgf
.sty
(c:/Users/danny/AppData/Roaming/TinyTeX/texmf-dist/tex/latex/pgf/utilities/pgfr
cs.sty
(c:/Users/danny/AppData/Roaming/TinyTeX/texmf-dist/tex/generic/pgf/utilities/pg
futil-common.tex
\pgfutil@everybye=\toks27
\pgfutil@tempdima=\dimen189
\pgfutil@tempdimb=\dimen190

(c:/Users/danny/AppData/Roaming/TinyTeX/texmf-dist/tex/generic/pgf/utilities/pg
futil-common-lists.tex))
(c:/Users/danny/AppData/Roaming/TinyTeX/texmf-dist/tex/generic/pgf/utilities/pg
futil-latex.def
\pgfutil@abb=\box59
)
(c:/Users/danny/AppData/Roaming/TinyTeX/texmf-dist/tex/generic/pgf/utilities/pg
frcs.code.tex
(c:/Users/danny/AppData/Roaming/TinyTeX/texmf-dist/tex/generic/pgf/pgf.revision
.tex)
Package: pgfrcs 2020/12/27 v3.1.8b (3.1.8b)
))
Package: pgf 2020/12/27 v3.1.8b (3.1.8b)

(c:/Users/danny/AppData/Roaming/TinyTeX/texmf-dist/tex/latex/pgf/basiclayer/pgf
core.sty
(c:/Users/danny/AppData/Roaming/TinyTeX/texmf-dist/tex/latex/pgf/systemlayer/pg
fsys.sty
(c:/Users/danny/AppData/Roaming/TinyTeX/texmf-dist/tex/generic/pgf/systemlayer/
pgfsys.code.tex
Package: pgfsys 2020/12/27 v3.1.8b (3.1.8b)

(c:/Users/danny/AppData/Roaming/TinyTeX/texmf-dist/tex/generic/pgf/utilities/pg
fkeys.code.tex
\pgfkeys@pathtoks=\toks28
\pgfkeys@temptoks=\toks29

(c:/Users/danny/AppData/Roaming/TinyTeX/texmf-dist/tex/generic/pgf/utilities/pg
fkeysfiltered.code.tex
\pgfkeys@tmptoks=\toks30
))
\pgf@x=\dimen191
\pgf@y=\dimen192
\pgf@xa=\dimen193
\pgf@ya=\dimen194
\pgf@xb=\dimen195
\pgf@yb=\dimen196
\pgf@xc=\dimen197
\pgf@yc=\dimen198
\pgf@xd=\dimen199
\pgf@yd=\dimen256
\w@pgf@writea=\write5
\r@pgf@reada=\read3
\c@pgf@counta=\count303
\c@pgf@countb=\count304
\c@pgf@countc=\count305
\c@pgf@countd=\count306
\t@pgf@toka=\toks31
\t@pgf@tokb=\toks32
\t@pgf@tokc=\toks33
\pgf@sys@id@count=\count307

(c:/Users/danny/AppData/Roaming/TinyTeX/texmf-dist/tex/generic/pgf/systemlayer/
pgf.cfg
File: pgf.cfg 2020/12/27 v3.1.8b (3.1.8b)
)
Driver file for pgf: pgfsys-pdftex.def

(c:/Users/danny/AppData/Roaming/TinyTeX/texmf-dist/tex/generic/pgf/systemlayer/
pgfsys-pdftex.def
File: pgfsys-pdftex.def 2020/12/27 v3.1.8b (3.1.8b)

(c:/Users/danny/AppData/Roaming/TinyTeX/texmf-dist/tex/generic/pgf/systemlayer/
pgfsys-common-pdf.def
File: pgfsys-common-pdf.def 2020/12/27 v3.1.8b (3.1.8b)
)))
(c:/Users/danny/AppData/Roaming/TinyTeX/texmf-dist/tex/generic/pgf/systemlayer/
pgfsyssoftpath.code.tex
File: pgfsyssoftpath.code.tex 2020/12/27 v3.1.8b (3.1.8b)
\pgfsyssoftpath@smallbuffer@items=\count308
\pgfsyssoftpath@bigbuffer@items=\count309
)
(c:/Users/danny/AppData/Roaming/TinyTeX/texmf-dist/tex/generic/pgf/systemlayer/
pgfsysprotocol.code.tex
File: pgfsysprotocol.code.tex 2020/12/27 v3.1.8b (3.1.8b)
))
(c:/Users/danny/AppData/Roaming/TinyTeX/texmf-dist/tex/generic/pgf/basiclayer/p
gfcore.code.tex
Package: pgfcore 2020/12/27 v3.1.8b (3.1.8b)

(c:/Users/danny/AppData/Roaming/TinyTeX/texmf-dist/tex/generic/pgf/math/pgfmath
.code.tex
(c:/Users/danny/AppData/Roaming/TinyTeX/texmf-dist/tex/generic/pgf/math/pgfmath
calc.code.tex
(c:/Users/danny/AppData/Roaming/TinyTeX/texmf-dist/tex/generic/pgf/math/pgfmath
util.code.tex)
(c:/Users/danny/AppData/Roaming/TinyTeX/texmf-dist/tex/generic/pgf/math/pgfmath
parser.code.tex
\pgfmath@dimen=\dimen257
\pgfmath@count=\count310
\pgfmath@box=\box60
\pgfmath@toks=\toks34
\pgfmath@stack@operand=\toks35
\pgfmath@stack@operation=\toks36
)
(c:/Users/danny/AppData/Roaming/TinyTeX/texmf-dist/tex/generic/pgf/math/pgfmath
functions.code.tex
(c:/Users/danny/AppData/Roaming/TinyTeX/texmf-dist/tex/generic/pgf/math/pgfmath
functions.basic.code.tex)
(c:/Users/danny/AppData/Roaming/TinyTeX/texmf-dist/tex/generic/pgf/math/pgfmath
functions.trigonometric.code.tex)
(c:/Users/danny/AppData/Roaming/TinyTeX/texmf-dist/tex/generic/pgf/math/pgfmath
functions.random.code.tex)
(c:/Users/danny/AppData/Roaming/TinyTeX/texmf-dist/tex/generic/pgf/math/pgfmath
functions.comparison.code.tex)
(c:/Users/danny/AppData/Roaming/TinyTeX/texmf-dist/tex/generic/pgf/math/pgfmath
functions.base.code.tex)
(c:/Users/danny/AppData/Roaming/TinyTeX/texmf-dist/tex/generic/pgf/math/pgfmath
functions.round.code.tex)
(c:/Users/danny/AppData/Roaming/TinyTeX/texmf-dist/tex/generic/pgf/math/pgfmath
functions.misc.code.tex)
(c:/Users/danny/AppData/Roaming/TinyTeX/texmf-dist/tex/generic/pgf/math/pgfmath
functions.integerarithmetics.code.tex)))
(c:/Users/danny/AppData/Roaming/TinyTeX/texmf-dist/tex/generic/pgf/math/pgfmath
float.code.tex
\c@pgfmathroundto@lastzeros=\count311
))
(c:/Users/danny/AppData/Roaming/TinyTeX/texmf-dist/tex/generic/pgf/math/pgfint.
code.tex)
(c:/Users/danny/AppData/Roaming/TinyTeX/texmf-dist/tex/generic/pgf/basiclayer/p
gfcorepoints.code.tex
File: pgfcorepoints.code.tex 2020/12/27 v3.1.8b (3.1.8b)
\pgf@picminx=\dimen258
\pgf@picmaxx=\dimen259
\pgf@picminy=\dimen260
\pgf@picmaxy=\dimen261
\pgf@pathminx=\dimen262
\pgf@pathmaxx=\dimen263
\pgf@pathminy=\dimen264
\pgf@pathmaxy=\dimen265
\pgf@xx=\dimen266
\pgf@xy=\dimen267
\pgf@yx=\dimen268
\pgf@yy=\dimen269
\pgf@zx=\dimen270
\pgf@zy=\dimen271
)
(c:/Users/danny/AppData/Roaming/TinyTeX/texmf-dist/tex/generic/pgf/basiclayer/p
gfcorepathconstruct.code.tex
File: pgfcorepathconstruct.code.tex 2020/12/27 v3.1.8b (3.1.8b)
\pgf@path@lastx=\dimen272
\pgf@path@lasty=\dimen273
)
(c:/Users/danny/AppData/Roaming/TinyTeX/texmf-dist/tex/generic/pgf/basiclayer/p
gfcorepathusage.code.tex
File: pgfcorepathusage.code.tex 2020/12/27 v3.1.8b (3.1.8b)
\pgf@shorten@end@additional=\dimen274
\pgf@shorten@start@additional=\dimen275
)
(c:/Users/danny/AppData/Roaming/TinyTeX/texmf-dist/tex/generic/pgf/basiclayer/p
gfcorescopes.code.tex
File: pgfcorescopes.code.tex 2020/12/27 v3.1.8b (3.1.8b)
\pgfpic=\box61
\pgf@hbox=\box62
\pgf@layerbox@main=\box63
\pgf@picture@serial@count=\count312
)
(c:/Users/danny/AppData/Roaming/TinyTeX/texmf-dist/tex/generic/pgf/basiclayer/p
gfcoregraphicstate.code.tex
File: pgfcoregraphicstate.code.tex 2020/12/27 v3.1.8b (3.1.8b)
\pgflinewidth=\dimen276
)
(c:/Users/danny/AppData/Roaming/TinyTeX/texmf-dist/tex/generic/pgf/basiclayer/p
gfcoretransformations.code.tex
File: pgfcoretransformations.code.tex 2020/12/27 v3.1.8b (3.1.8b)
\pgf@pt@x=\dimen277
\pgf@pt@y=\dimen278
\pgf@pt@temp=\dimen279
)
(c:/Users/danny/AppData/Roaming/TinyTeX/texmf-dist/tex/generic/pgf/basiclayer/p
gfcorequick.code.tex
File: pgfcorequick.code.tex 2020/12/27 v3.1.8b (3.1.8b)
)
(c:/Users/danny/AppData/Roaming/TinyTeX/texmf-dist/tex/generic/pgf/basiclayer/p
gfcoreobjects.code.tex
File: pgfcoreobjects.code.tex 2020/12/27 v3.1.8b (3.1.8b)
)
(c:/Users/danny/AppData/Roaming/TinyTeX/texmf-dist/tex/generic/pgf/basiclayer/p
gfcorepathprocessing.code.tex
File: pgfcorepathprocessing.code.tex 2020/12/27 v3.1.8b (3.1.8b)
)
(c:/Users/danny/AppData/Roaming/TinyTeX/texmf-dist/tex/generic/pgf/basiclayer/p
gfcorearrows.code.tex
File: pgfcorearrows.code.tex 2020/12/27 v3.1.8b (3.1.8b)
\pgfarrowsep=\dimen280
)
(c:/Users/danny/AppData/Roaming/TinyTeX/texmf-dist/tex/generic/pgf/basiclayer/p
gfcoreshade.code.tex
File: pgfcoreshade.code.tex 2020/12/27 v3.1.8b (3.1.8b)
\pgf@max=\dimen281
\pgf@sys@shading@range@num=\count313
\pgf@shadingcount=\count314
)
(c:/Users/danny/AppData/Roaming/TinyTeX/texmf-dist/tex/generic/pgf/basiclayer/p
gfcoreimage.code.tex
File: pgfcoreimage.code.tex 2020/12/27 v3.1.8b (3.1.8b)

(c:/Users/danny/AppData/Roaming/TinyTeX/texmf-dist/tex/generic/pgf/basiclayer/p
gfcoreexternal.code.tex
File: pgfcoreexternal.code.tex 2020/12/27 v3.1.8b (3.1.8b)
\pgfexternal@startupbox=\box64
))
(c:/Users/danny/AppData/Roaming/TinyTeX/texmf-dist/tex/generic/pgf/basiclayer/p
gfcorelayers.code.tex
File: pgfcorelayers.code.tex 2020/12/27 v3.1.8b (3.1.8b)
)
(c:/Users/danny/AppData/Roaming/TinyTeX/texmf-dist/tex/generic/pgf/basiclayer/p
gfcoretransparency.code.tex
File: pgfcoretransparency.code.tex 2020/12/27 v3.1.8b (3.1.8b)
)
(c:/Users/danny/AppData/Roaming/TinyTeX/texmf-dist/tex/generic/pgf/basiclayer/p
gfcorepatterns.code.tex
File: pgfcorepatterns.code.tex 2020/12/27 v3.1.8b (3.1.8b)
)
(c:/Users/danny/AppData/Roaming/TinyTeX/texmf-dist/tex/generic/pgf/basiclayer/p
gfcorerdf.code.tex
File: pgfcorerdf.code.tex 2020/12/27 v3.1.8b (3.1.8b)
)))
(c:/Users/danny/AppData/Roaming/TinyTeX/texmf-dist/tex/generic/pgf/modules/pgfm
oduleshapes.code.tex
File: pgfmoduleshapes.code.tex 2020/12/27 v3.1.8b (3.1.8b)
\pgfnodeparttextbox=\box65
)
(c:/Users/danny/AppData/Roaming/TinyTeX/texmf-dist/tex/generic/pgf/modules/pgfm
oduleplot.code.tex
File: pgfmoduleplot.code.tex 2020/12/27 v3.1.8b (3.1.8b)
)
(c:/Users/danny/AppData/Roaming/TinyTeX/texmf-dist/tex/latex/pgf/compatibility/
pgfcomp-version-0-65.sty
Package: pgfcomp-version-0-65 2020/12/27 v3.1.8b (3.1.8b)
\pgf@nodesepstart=\dimen282
\pgf@nodesepend=\dimen283
)
(c:/Users/danny/AppData/Roaming/TinyTeX/texmf-dist/tex/latex/pgf/compatibility/
pgfcomp-version-1-18.sty
Package: pgfcomp-version-1-18 2020/12/27 v3.1.8b (3.1.8b)
))
(c:/Users/danny/AppData/Roaming/TinyTeX/texmf-dist/tex/latex/tools/verbatim.sty
Package: verbatim 2020-07-07 v1.5u LaTeX2e package for verbatim enhancements
\every@verbatim=\toks37
\verbatim@line=\toks38
\verbatim@in@stream=\read4
)
(c:/Users/danny/AppData/Roaming/TinyTeX/texmf-dist/tex/latex/environ/environ.st
y
Package: environ 2014/05/04 v0.3 A new way to define environments

(c:/Users/danny/AppData/Roaming/TinyTeX/texmf-dist/tex/latex/trimspaces/trimspa
ces.sty
Package: trimspaces 2009/09/17 v1.1 Trim spaces around a token list
))
\tcb@titlebox=\box66
\tcb@upperbox=\box67
\tcb@lowerbox=\box68
\tcb@phantombox=\box69
\c@tcbbreakpart=\count315
\c@tcblayer=\count316
\c@tcolorbox@number=\count317
\tcb@temp=\box70
\tcb@temp=\box71
\tcb@temp=\box72
\tcb@temp=\box73
\tcb@out=\write6
\tcb@record@out=\write7

(c:/Users/danny/AppData/Roaming/TinyTeX/texmf-dist/tex/latex/tcolorbox/tcbraste
r.code.tex
Library (tcolorbox): 'tcbraster.code.tex' version '4.42'
\c@tcbrastercolumn=\count318
\c@tcbrasterrow=\count319
\c@tcbraster=\count320
)
(c:/Users/danny/AppData/Roaming/TinyTeX/texmf-dist/tex/latex/tcolorbox/tcbskins
.code.tex
Library (tcolorbox): 'tcbskins.code.tex' version '4.42'

(c:/Users/danny/AppData/Roaming/TinyTeX/texmf-dist/tex/latex/pgf/frontendlayer/
tikz.sty
(c:/Users/danny/AppData/Roaming/TinyTeX/texmf-dist/tex/latex/pgf/utilities/pgff
or.sty
(c:/Users/danny/AppData/Roaming/TinyTeX/texmf-dist/tex/latex/pgf/utilities/pgfk
eys.sty
(c:/Users/danny/AppData/Roaming/TinyTeX/texmf-dist/tex/generic/pgf/utilities/pg
fkeys.code.tex))
(c:/Users/danny/AppData/Roaming/TinyTeX/texmf-dist/tex/latex/pgf/math/pgfmath.s
ty
(c:/Users/danny/AppData/Roaming/TinyTeX/texmf-dist/tex/generic/pgf/math/pgfmath
.code.tex))
(c:/Users/danny/AppData/Roaming/TinyTeX/texmf-dist/tex/generic/pgf/utilities/pg
ffor.code.tex
Package: pgffor 2020/12/27 v3.1.8b (3.1.8b)

(c:/Users/danny/AppData/Roaming/TinyTeX/texmf-dist/tex/generic/pgf/math/pgfmath
.code.tex)
\pgffor@iter=\dimen284
\pgffor@skip=\dimen285
\pgffor@stack=\toks39
\pgffor@toks=\toks40
))
(c:/Users/danny/AppData/Roaming/TinyTeX/texmf-dist/tex/generic/pgf/frontendlaye
r/tikz/tikz.code.tex
Package: tikz 2020/12/27 v3.1.8b (3.1.8b)

(c:/Users/danny/AppData/Roaming/TinyTeX/texmf-dist/tex/generic/pgf/libraries/pg
flibraryplothandlers.code.tex
File: pgflibraryplothandlers.code.tex 2020/12/27 v3.1.8b (3.1.8b)
\pgf@plot@mark@count=\count321
\pgfplotmarksize=\dimen286
)
\tikz@lastx=\dimen287
\tikz@lasty=\dimen288
\tikz@lastxsaved=\dimen289
\tikz@lastysaved=\dimen290
\tikz@lastmovetox=\dimen291
\tikz@lastmovetoy=\dimen292
\tikzleveldistance=\dimen293
\tikzsiblingdistance=\dimen294
\tikz@figbox=\box74
\tikz@figbox@bg=\box75
\tikz@tempbox=\box76
\tikz@tempbox@bg=\box77
\tikztreelevel=\count322
\tikznumberofchildren=\count323
\tikznumberofcurrentchild=\count324
\tikz@fig@count=\count325

(c:/Users/danny/AppData/Roaming/TinyTeX/texmf-dist/tex/generic/pgf/modules/pgfm
odulematrix.code.tex
File: pgfmodulematrix.code.tex 2020/12/27 v3.1.8b (3.1.8b)
\pgfmatrixcurrentrow=\count326
\pgfmatrixcurrentcolumn=\count327
\pgf@matrix@numberofcolumns=\count328
)
\tikz@expandcount=\count329

(c:/Users/danny/AppData/Roaming/TinyTeX/texmf-dist/tex/generic/pgf/frontendlaye
r/tikz/libraries/tikzlibrarytopaths.code.tex
File: tikzlibrarytopaths.code.tex 2020/12/27 v3.1.8b (3.1.8b)
)))
\tcb@waterbox=\box78

(c:/Users/danny/AppData/Roaming/TinyTeX/texmf-dist/tex/latex/tcolorbox/tcbskins
jigsaw.code.tex
Library (tcolorbox): 'tcbskinsjigsaw.code.tex' version '4.42'
))
(c:/Users/danny/AppData/Roaming/TinyTeX/texmf-dist/tex/latex/tcolorbox/tcbbreak
able.code.tex
Library (tcolorbox): 'tcbbreakable.code.tex' version '4.42'

(c:/Users/danny/AppData/Roaming/TinyTeX/texmf-dist/tex/generic/oberdiek/pdfcol.
sty
Package: pdfcol 2019/12/29 v1.6 Handle new color stacks for pdfTeX (HO)
)
Package pdfcol Info: New color stack `tcb@breakable' = 1 on input line 23.
\tcb@testbox=\box79
\tcb@totalupperbox=\box80
\tcb@totallowerbox=\box81
)
(c:/Users/danny/AppData/Roaming/TinyTeX/texmf-dist/tex/latex/tcolorbox/tcbhooks
.code.tex
Library (tcolorbox): 'tcbhooks.code.tex' version '4.42'
)
(c:/Users/danny/AppData/Roaming/TinyTeX/texmf-dist/tex/latex/tcolorbox/tcbtheor
ems.code.tex
Library (tcolorbox): 'tcbtheorems.code.tex' version '4.42'
)
(c:/Users/danny/AppData/Roaming/TinyTeX/texmf-dist/tex/latex/tcolorbox/tcbfitti
ng.code.tex
Library (tcolorbox): 'tcbfitting.code.tex' version '4.42'
\tcbfitdim=\dimen295
\tcb@lowerfitdim=\dimen296
\tcb@upperfitdim=\dimen297
\tcb@cur@hbadness=\count330
)
(c:/Users/danny/AppData/Roaming/TinyTeX/texmf-dist/tex/latex/tcolorbox/tcbxpars
e.code.tex
Library (tcolorbox): 'tcbxparse.code.tex' version '4.42'

(c:/Users/danny/AppData/Roaming/TinyTeX/texmf-dist/tex/latex/l3packages/xparse/
xparse.sty
(c:/Users/danny/AppData/Roaming/TinyTeX/texmf-dist/tex/latex/l3kernel/expl3.sty
Package: expl3 2021-02-18 L3 programming layer (loader) 

(c:/Users/danny/AppData/Roaming/TinyTeX/texmf-dist/tex/latex/l3backend/l3backen
d-pdftex.def
File: l3backend-pdftex.def 2021-03-18 L3 backend support: PDF output (pdfTeX)
\l__color_backend_stack_int=\count331
\l__pdf_internal_box=\box82
))
(c:/Users/danny/AppData/Roaming/TinyTeX/texmf-dist/tex/latex/l3packages/xparse/
xparse-2020-10-01.sty
(c:/Users/danny/AppData/Roaming/TinyTeX/texmf-dist/tex/latex/l3packages/xparse/
xparse-generic.tex))))
(c:/Users/danny/AppData/Roaming/TinyTeX/texmf-dist/tex/latex/tcolorbox/tcblisti
ngsutf8.code.tex
Library (tcolorbox): 'tcblistingsutf8.code.tex' version '4.42'

(c:/Users/danny/AppData/Roaming/TinyTeX/texmf-dist/tex/latex/tcolorbox/tcblisti
ngs.code.tex
Library (tcolorbox): 'tcblistings.code.tex' version '4.42'

(c:/Users/danny/AppData/Roaming/TinyTeX/texmf-dist/tex/latex/tcolorbox/tcblisti
ngscore.code.tex
Library (tcolorbox): 'tcblistingscore.code.tex' version '4.42'

(c:/Users/danny/AppData/Roaming/TinyTeX/texmf-dist/tex/latex/tcolorbox/tcbproce
ssing.code.tex
Library (tcolorbox): 'tcbprocessing.code.tex' version '4.42'

(c:/Users/danny/AppData/Roaming/TinyTeX/texmf-dist/tex/latex/tools/shellesc.sty
Package: shellesc 2019/11/08 v1.0c unified shell escape interface for LaTeX
Package shellesc Info: Restricted shell escape enabled on input line 77.
))
\c@tcblisting=\count332
))
(c:/Users/danny/AppData/Roaming/TinyTeX/texmf-dist/tex/latex/listingsutf8/listi
ngsutf8.sty
Package: listingsutf8 2019-12-10 v1.5 Allow UTF-8 in listings input (HO)

(c:/Users/danny/AppData/Roaming/TinyTeX/texmf-dist/tex/generic/stringenc/string
enc.sty
Package: stringenc 2019/11/29 v1.12 Convert strings between diff. encodings (HO
)
)))
(c:/Users/danny/AppData/Roaming/TinyTeX/texmf-dist/tex/latex/tcolorbox/tcbexter
nal.code.tex
Library (tcolorbox): 'tcbexternal.code.tex' version '4.42'
)
(c:/Users/danny/AppData/Roaming/TinyTeX/texmf-dist/tex/latex/tcolorbox/tcbmagaz
ine.code.tex
Library (tcolorbox): 'tcbmagazine.code.tex' version '4.42'
)
(c:/Users/danny/AppData/Roaming/TinyTeX/texmf-dist/tex/latex/tcolorbox/tcbvigne
tte.code.tex
Library (tcolorbox): 'tcbvignette.code.tex' version '4.42'

(c:/Users/danny/AppData/Roaming/TinyTeX/texmf-dist/tex/generic/pgf/frontendlaye
r/tikz/libraries/tikzlibraryfadings.code.tex
File: tikzlibraryfadings.code.tex 2020/12/27 v3.1.8b (3.1.8b)

(c:/Users/danny/AppData/Roaming/TinyTeX/texmf-dist/tex/generic/pgf/libraries/pg
flibraryfadings.code.tex
File: pgflibraryfadings.code.tex 2020/12/27 v3.1.8b (3.1.8b)
)))
(c:/Users/danny/AppData/Roaming/TinyTeX/texmf-dist/tex/latex/tcolorbox/tcbposte
r.code.tex
Library (tcolorbox): 'tcbposter.code.tex' version '4.42'
))
*geometry* verbose mode - [ newgeometry ] result:
* driver: 
* paper: <default>
* layout: <same size as paper>
* layoutoffset:(h,v)=(0.0pt,0.0pt)
* modes: twoside 
* h-part:(L,W,R)=(72.26999pt, 469.75502pt, 72.26999pt)
* v-part:(T,H,B)=(72.26999pt, 650.43001pt, 72.26999pt)
* \paperwidth=614.295pt
* \paperheight=794.96999pt
* \textwidth=469.75502pt
* \textheight=650.43001pt
* \oddsidemargin=0.0pt
* \evensidemargin=0.0pt
* \topmargin=-30.06749pt
* \headheight=12.0pt
* \headsep=18.06749pt
* \topskip=10.0pt
* \footskip=25.29494pt
* \marginparwidth=125.0pt
* \marginparsep=7.0pt
* \columnsep=10.0pt
* \skip\footins=9.0pt plus 4.0pt minus 2.0pt
* \hoffset=0.0pt
* \voffset=0.0pt
* \mag=1000
* \@twocolumnfalse
* \@twosidetrue
* \@mparswitchtrue
* \@reversemarginfalse
* (1in=72.27pt=25.4mm, 1cm=28.453pt)

(c:/Users/danny/AppData/Roaming/TinyTeX/texmf-dist/tex/latex/fira/FiraSans.sty
Package: FiraSans 2019/10/10 (Bob Tennent and autoinst) Style file for Fira San
s fonts.

(c:/Users/danny/AppData/Roaming/TinyTeX/texmf-dist/tex/generic/iftex/ifxetex.st
y
Package: ifxetex 2019/10/25 v0.7 ifxetex legacy package. Use iftex instead.
)
(c:/Users/danny/AppData/Roaming/TinyTeX/texmf-dist/tex/generic/iftex/ifluatex.s
ty
Package: ifluatex 2019/10/25 v1.5 ifluatex legacy package. Use iftex instead.
)
(c:/Users/danny/AppData/Roaming/TinyTeX/texmf-dist/tex/latex/xkeyval/xkeyval.st
y
Package: xkeyval 2020/11/20 v2.8 package option processing (HA)

(c:/Users/danny/AppData/Roaming/TinyTeX/texmf-dist/tex/generic/xkeyval/xkeyval.
tex
(c:/Users/danny/AppData/Roaming/TinyTeX/texmf-dist/tex/generic/xkeyval/xkvutils
.tex
\XKV@toks=\toks41
\XKV@tempa@toks=\toks42
)
\XKV@depth=\count333
File: xkeyval.tex 2014/12/03 v2.7a key=value parser (HA)
))
(c:/Users/danny/AppData/Roaming/TinyTeX/texmf-dist/tex/latex/fontaxes/fontaxes.
sty
Package: fontaxes 2020/07/21 v1.0e Font selection axes
LaTeX Info: Redefining \upshape on input line 29.
LaTeX Info: Redefining \itshape on input line 31.
LaTeX Info: Redefining \slshape on input line 33.
LaTeX Info: Redefining \swshape on input line 35.
LaTeX Info: Redefining \scshape on input line 37.
LaTeX Info: Redefining \sscshape on input line 39.
LaTeX Info: Redefining \ulcshape on input line 41.
LaTeX Info: Redefining \textsw on input line 47.
LaTeX Info: Redefining \textssc on input line 48.
LaTeX Info: Redefining \textulc on input line 49.
))
LaTeX Font Info:    Trying to load font information for T1+FiraSans-OsF on inpu
t line 219.

(c:/Users/danny/AppData/Roaming/TinyTeX/texmf-dist/tex/latex/fira/T1FiraSans-Os
F.fd
File: T1FiraSans-OsF.fd 2019/10/10 (autoinst) Font definitions for T1/FiraSans-
OsF.
)
LaTeX Font Info:    Font shape `T1/FiraSans-OsF/l/n' in size <10> not available

(Font)              Font shape `T1/FiraSans-OsF/light/n' tried instead on input
 line 219.
LaTeX Font Info:    Font shape `T1/FiraSans-OsF/light/n' will be
(Font)              scaled to size 10.0pt on input line 219.
(./_main.aux)
\openout1 = `_main.aux'.

LaTeX Font Info:    Checking defaults for OML/cmm/m/it on input line 219.
LaTeX Font Info:    ... okay on input line 219.
LaTeX Font Info:    Checking defaults for OMS/cmsy/m/n on input line 219.
LaTeX Font Info:    ... okay on input line 219.
LaTeX Font Info:    Checking defaults for OT1/cmr/m/n on input line 219.
LaTeX Font Info:    ... okay on input line 219.
LaTeX Font Info:    Checking defaults for T1/cmr/m/n on input line 219.
LaTeX Font Info:    ... okay on input line 219.
LaTeX Font Info:    Checking defaults for TS1/cmr/m/n on input line 219.
LaTeX Font Info:    ... okay on input line 219.
LaTeX Font Info:    Checking defaults for OMX/cmex/m/n on input line 219.
LaTeX Font Info:    ... okay on input line 219.
LaTeX Font Info:    Checking defaults for U/cmr/m/n on input line 219.
LaTeX Font Info:    ... okay on input line 219.
LaTeX Font Info:    Checking defaults for PD1/pdf/m/n on input line 219.
LaTeX Font Info:    ... okay on input line 219.
LaTeX Font Info:    Checking defaults for PU/pdf/m/n on input line 219.
LaTeX Font Info:    ... okay on input line 219.

(c:/Users/danny/AppData/Roaming/TinyTeX/texmf-dist/tex/latex/epstopdf-pkg/epsto
pdf-base.sty
Package: epstopdf-base 2020-01-24 v2.11 Base part for package epstopdf
Package epstopdf-base Info: Redefining graphics rule for `.eps' on input line 4
85.

(c:/Users/danny/AppData/Roaming/TinyTeX/texmf-dist/tex/latex/latexconfig/epstop
df-sys.cfg
File: epstopdf-sys.cfg 2010/07/13 v1.3 Configuration of (r)epstopdf for TeX Liv
e
))
Package hyperref Info: Link coloring ON on input line 219.

(c:/Users/danny/AppData/Roaming/TinyTeX/texmf-dist/tex/latex/hyperref/nameref.s
ty
Package: nameref 2021-04-02 v2.47 Cross-referencing by name of section

(c:/Users/danny/AppData/Roaming/TinyTeX/texmf-dist/tex/latex/refcount/refcount.
sty
Package: refcount 2019/12/15 v3.6 Data extraction from label references (HO)
)
(c:/Users/danny/AppData/Roaming/TinyTeX/texmf-dist/tex/generic/gettitlestring/g
ettitlestring.sty
Package: gettitlestring 2019/12/15 v1.6 Cleanup title references (HO)
)
\c@section@level=\count334
)
LaTeX Info: Redefining \ref on input line 219.
LaTeX Info: Redefining \pageref on input line 219.
LaTeX Info: Redefining \nameref on input line 219.
(./_main.out) (./_main.out)
\@outlinefile=\write8
\openout8 = `_main.out'.

*geometry* driver: auto-detecting
*geometry* detected driver: pdftex
*geometry* verbose mode - [ preamble ] result:
* driver: pdftex
* paper: <default>
* layout: <same size as paper>
* layoutoffset:(h,v)=(0.0pt,0.0pt)
* modes: twoside 
* h-part:(L,W,R)=(72.26999pt, 469.75502pt, 72.26999pt)
* v-part:(T,H,B)=(72.26999pt, 650.43001pt, 72.26999pt)
* \paperwidth=614.295pt
* \paperheight=794.96999pt
* \textwidth=469.75502pt
* \textheight=650.43001pt
* \oddsidemargin=0.0pt
* \evensidemargin=0.0pt
* \topmargin=-30.06749pt
* \headheight=12.0pt
* \headsep=18.06749pt
* \topskip=10.0pt
* \footskip=25.29494pt
* \marginparwidth=125.0pt
* \marginparsep=7.0pt
* \columnsep=10.0pt
* \skip\footins=9.0pt plus 4.0pt minus 2.0pt
* \hoffset=0.0pt
* \voffset=0.0pt
* \mag=1000
* \@twocolumnfalse
* \@twosidetrue
* \@mparswitchtrue
* \@reversemarginfalse
* (1in=72.27pt=25.4mm, 1cm=28.453pt)

\c@lstlisting=\count335
\c@mv@tabular=\count336
\c@mv@boldtabular=\count337
LaTeX Font Info:    Font shape `T1/FiraSans-OsF/l/n' in size <17.28> not availa
ble
(Font)              Font shape `T1/FiraSans-OsF/light/n' tried instead on input
 line 221.
LaTeX Font Info:    Font shape `T1/FiraSans-OsF/light/n' will be
(Font)              scaled to size 17.28pt on input line 221.
LaTeX Font Info:    Font shape `T1/FiraSans-OsF/l/n' in size <12> not available

(Font)              Font shape `T1/FiraSans-OsF/light/n' tried instead on input
 line 221.
LaTeX Font Info:    Font shape `T1/FiraSans-OsF/light/n' will be
(Font)              scaled to size 12.0pt on input line 221.
LaTeX Font Info:    Trying to load font information for OT1+lmr on input line 2
21.
(c:/Users/danny/AppData/Roaming/TinyTeX/texmf-dist/tex/latex/lm/ot1lmr.fd
File: ot1lmr.fd 2009/10/30 v1.6 Font defs for Latin Modern
)
LaTeX Font Info:    Trying to load font information for OML+lmm on input line 2
21.
(c:/Users/danny/AppData/Roaming/TinyTeX/texmf-dist/tex/latex/lm/omllmm.fd
File: omllmm.fd 2009/10/30 v1.6 Font defs for Latin Modern
)
LaTeX Font Info:    Trying to load font information for OMS+lmsy on input line 
221.
(c:/Users/danny/AppData/Roaming/TinyTeX/texmf-dist/tex/latex/lm/omslmsy.fd
File: omslmsy.fd 2009/10/30 v1.6 Font defs for Latin Modern
)
LaTeX Font Info:    Trying to load font information for OMX+lmex on input line 
221.
(c:/Users/danny/AppData/Roaming/TinyTeX/texmf-dist/tex/latex/lm/omxlmex.fd
File: omxlmex.fd 2009/10/30 v1.6 Font defs for Latin Modern
)
LaTeX Font Info:    External font `lmex10' loaded for size
(Font)              <12> on input line 221.
LaTeX Font Info:    External font `lmex10' loaded for size
(Font)              <8> on input line 221.
LaTeX Font Info:    External font `lmex10' loaded for size
(Font)              <6> on input line 221.
LaTeX Font Info:    Trying to load font information for U+msa on input line 221
.
(c:/Users/danny/AppData/Roaming/TinyTeX/texmf-dist/tex/latex/amsfonts/umsa.fd
File: umsa.fd 2013/01/14 v3.01 AMS symbols A
)
LaTeX Font Info:    Trying to load font information for U+msb on input line 221
.
(c:/Users/danny/AppData/Roaming/TinyTeX/texmf-dist/tex/latex/amsfonts/umsb.fd
File: umsb.fd 2013/01/14 v3.01 AMS symbols B
) [1



{c:/Users/danny/AppData/Roaming/TinyTeX/texmf-var/fonts/map/pdftex/updmap/pdfte
x.map}]
LaTeX Font Info:    Font shape `T1/FiraSans-OsF/l/sl' in size <10> not availabl
e
(Font)              Font shape `T1/FiraSans-OsF/light/sl' tried instead on inpu
t line 225.
LaTeX Font Info:    Font shape `T1/FiraSans-OsF/light/sl' in size <10> not avai
lable
(Font)              Font shape `T1/FiraSans-OsF/light/it' tried instead on inpu
t line 225.
LaTeX Font Info:    Font shape `T1/FiraSans-OsF/light/it' will be
(Font)              scaled to size 10.0pt on input line 225.
[2

]
LaTeX Font Info:    Font shape `T1/FiraSans-OsF/l/n' in size <24.88> not availa
ble
(Font)              Font shape `T1/FiraSans-OsF/light/n' tried instead on input
 line 225.
LaTeX Font Info:    Font shape `T1/FiraSans-OsF/light/n' will be
(Font)              scaled to size 24.88pt on input line 225.
LaTeX Font Info:    Font shape `T1/FiraSans-OsF/b/n' in size <24.88> not availa
ble
(Font)              Font shape `T1/FiraSans-OsF/bold/n' tried instead on input 
line 225.
LaTeX Font Info:    Font shape `T1/FiraSans-OsF/bold/n' will be
(Font)              scaled to size 24.88pt on input line 225.
(./_main.toc
LaTeX Font Info:    Font shape `T1/FiraSans-OsF/b/n' in size <10> not available

(Font)              Font shape `T1/FiraSans-OsF/bold/n' tried instead on input 
line 1.
LaTeX Font Info:    Font shape `T1/FiraSans-OsF/bold/n' will be
(Font)              scaled to size 10.0pt on input line 1.
LaTeX Font Info:    External font `lmex10' loaded for size
(Font)              <10> on input line 6.
LaTeX Font Info:    External font `lmex10' loaded for size
(Font)              <7> on input line 6.
LaTeX Font Info:    External font `lmex10' loaded for size
(Font)              <5> on input line 6.
)
\tf@toc=\write9
\openout9 = `_main.toc'.

[3] [4

]
Chapter 1.
LaTeX Font Info:    Font shape `T1/FiraSans-OsF/l/n' in size <20.74> not availa
ble
(Font)              Font shape `T1/FiraSans-OsF/light/n' tried instead on input
 line 228.
LaTeX Font Info:    Font shape `T1/FiraSans-OsF/light/n' will be
(Font)              scaled to size 20.74pt on input line 228.
LaTeX Font Info:    Font shape `T1/FiraSans-OsF/b/n' in size <20.74> not availa
ble
(Font)              Font shape `T1/FiraSans-OsF/bold/n' tried instead on input 
line 228.
LaTeX Font Info:    Font shape `T1/FiraSans-OsF/bold/n' will be
(Font)              scaled to size 20.74pt on input line 228.
[5] [6

]
Chapter 2.
<hme_flowchart_cut.png, id=152, 952.7595pt x 220.4235pt>
File: hme_flowchart_cut.png Graphic file (type png)
<use hme_flowchart_cut.png>
Package pdftex.def Info: hme_flowchart_cut.png  used on input line 244.
(pdftex.def)             Requested size: 469.74928pt x 108.67776pt.
<table_functions.png, id=154, 861.2175pt x 274.626pt>
File: table_functions.png Graphic file (type png)
<use table_functions.png>
Package pdftex.def Info: table_functions.png  used on input line 273.
(pdftex.def)             Requested size: 563.71393pt x 179.75772pt.

Overfull \hbox (93.95891pt too wide) in paragraph at lines 273--274
 [][] 
 []

[7 <./hme_flowchart_cut.PNG>] [8 <./table_functions.PNG>]
Chapter 3.
LaTeX Font Info:    Trying to load font information for TS1+FiraSans-OsF on inp
ut line 298.

(c:/Users/danny/AppData/Roaming/TinyTeX/texmf-dist/tex/latex/fira/TS1FiraSans-O
sF.fd
File: TS1FiraSans-OsF.fd 2019/10/10 (autoinst) Font definitions for TS1/FiraSan
s-OsF.
)
LaTeX Font Info:    Font shape `TS1/FiraSans-OsF/l/n' in size <10> not availabl
e
(Font)              Font shape `TS1/FiraSans-OsF/light/n' tried instead on inpu
t line 298.
LaTeX Font Info:    Font shape `TS1/FiraSans-OsF/light/n' will be
(Font)              scaled to size 10.0pt on input line 298.
<seirs.png, id=176, 767.86874pt x 312.56775pt>
File: seirs.png Graphic file (type png)
<use seirs.png>
Package pdftex.def Info: seirs.png  used on input line 315.
(pdftex.def)             Requested size: 469.75839pt x 191.21928pt.
<infection_rate.png, id=177, 591.71063pt x 513.41812pt>
File: infection_rate.png Graphic file (type png)
<use infection_rate.png>
Package pdftex.def Info: infection_rate.png  used on input line 326.
(pdftex.def)             Requested size: 281.86pt x 244.56554pt.
LaTeX Font Info:    Trying to load font information for T1+lmtt on input line 3
33.
(c:/Users/danny/AppData/Roaming/TinyTeX/texmf-dist/tex/latex/lm/t1lmtt.fd
File: t1lmtt.fd 2009/10/30 v1.6 Font defs for Latin Modern
) [9

] [10 <./seirs.PNG> <./infection_rate.png>]
LaTeX Font Info:    Font shape `T1/lmtt/bx/n' in size <10> not available
(Font)              Font shape `T1/lmtt/b/n' tried instead on input line 369.
LaTeX Font Info:    Trying to load font information for TS1+lmtt on input line 
370.
(c:/Users/danny/AppData/Roaming/TinyTeX/texmf-dist/tex/latex/lm/ts1lmtt.fd
File: ts1lmtt.fd 2009/10/30 v1.6 Font defs for Latin Modern
)
<_main_files/figure-latex/unnamed-chunk-9-1.pdf, id=202, 505.89pt x 505.89pt>
File: _main_files/figure-latex/unnamed-chunk-9-1.pdf Graphic file (type pdf)
<use _main_files/figure-latex/unnamed-chunk-9-1.pdf>
Package pdftex.def Info: _main_files/figure-latex/unnamed-chunk-9-1.pdf  used o
n input line 375.
(pdftex.def)             Requested size: 469.76265pt x 469.76265pt.

Underfull \vbox (badness 10000) has occurred while \output is active []

[11]
<_main_files/figure-latex/unnamed-chunk-10-1.pdf, id=209, 505.89pt x 505.89pt>
File: _main_files/figure-latex/unnamed-chunk-10-1.pdf Graphic file (type pdf)
<use _main_files/figure-latex/unnamed-chunk-10-1.pdf>
Package pdftex.def Info: _main_files/figure-latex/unnamed-chunk-10-1.pdf  used 
on input line 389.
(pdftex.def)             Requested size: 469.76265pt x 469.76265pt.
[12 <./_main_files/figure-latex/unnamed-chunk-9-1.pdf>] [13 <./_main_files/figu
re-latex/unnamed-chunk-10-1.pdf>] [14

]
Chapter 4.
[15] [16]
Chapter 5.
LaTeX Font Info:    Font shape `T1/FiraSans-OsF/l/n' in size <14.4> not availab
le
(Font)              Font shape `T1/FiraSans-OsF/light/n' tried instead on input
 line 505.
LaTeX Font Info:    Font shape `T1/FiraSans-OsF/light/n' will be
(Font)              scaled to size 14.4pt on input line 505.
LaTeX Font Info:    Font shape `T1/FiraSans-OsF/b/n' in size <14.4> not availab
le
(Font)              Font shape `T1/FiraSans-OsF/bold/n' tried instead on input 
line 505.
LaTeX Font Info:    Font shape `T1/FiraSans-OsF/bold/n' will be
(Font)              scaled to size 14.4pt on input line 505.
LaTeX Font Info:    Font shape `T1/FiraSans-OsF/l/n' in size <7> not available
(Font)              Font shape `T1/FiraSans-OsF/light/n' tried instead on input
 line 520.
LaTeX Font Info:    Font shape `T1/FiraSans-OsF/light/n' will be
(Font)              scaled to size 7.0pt on input line 520.
LaTeX Font Info:    Font shape `T1/FiraSans-OsF/l/n' in size <5> not available
(Font)              Font shape `T1/FiraSans-OsF/light/n' tried instead on input
 line 520.
LaTeX Font Info:    Font shape `T1/FiraSans-OsF/light/n' will be
(Font)              scaled to size 5.0pt on input line 520.
[17

]
<_main_files/figure-latex/unnamed-chunk-20-1.pdf, id=271, 433.62pt x 361.35pt>
File: _main_files/figure-latex/unnamed-chunk-20-1.pdf Graphic file (type pdf)
<use _main_files/figure-latex/unnamed-chunk-20-1.pdf>
Package pdftex.def Info: _main_files/figure-latex/unnamed-chunk-20-1.pdf  used 
on input line 561.
(pdftex.def)             Requested size: 433.61894pt x 361.34912pt.

Underfull \vbox (badness 10000) has occurred while \output is active []

[18]
<_main_files/figure-latex/unnamed-chunk-20-2.pdf, id=277, 433.62pt x 361.35pt>
File: _main_files/figure-latex/unnamed-chunk-20-2.pdf Graphic file (type pdf)
<use _main_files/figure-latex/unnamed-chunk-20-2.pdf>
Package pdftex.def Info: _main_files/figure-latex/unnamed-chunk-20-2.pdf  used 
on input line 569.
(pdftex.def)             Requested size: 433.61894pt x 361.34912pt.

Underfull \vbox (badness 10000) has occurred while \output is active []

[19 <./_main_files/figure-latex/unnamed-chunk-20-1.pdf>]
<_main_files/figure-latex/unnamed-chunk-21-1.pdf, id=288, 650.43pt x 505.89pt>
File: _main_files/figure-latex/unnamed-chunk-21-1.pdf Graphic file (type pdf)
<use _main_files/figure-latex/unnamed-chunk-21-1.pdf>
Package pdftex.def Info: _main_files/figure-latex/unnamed-chunk-21-1.pdf  used 
on input line 581.
(pdftex.def)             Requested size: 469.76817pt x 365.37524pt.

Underfull \vbox (badness 10000) has occurred while \output is active []

[20 <./_main_files/figure-latex/unnamed-chunk-20-2.pdf>]
<_main_files/figure-latex/unnamed-chunk-22-1.pdf, id=298, 650.43pt x 505.89pt>
File: _main_files/figure-latex/unnamed-chunk-22-1.pdf Graphic file (type pdf)
<use _main_files/figure-latex/unnamed-chunk-22-1.pdf>
Package pdftex.def Info: _main_files/figure-latex/unnamed-chunk-22-1.pdf  used 
on input line 593.
(pdftex.def)             Requested size: 469.76817pt x 365.37524pt.

Underfull \vbox (badness 10000) has occurred while \output is active []

[21 <./_main_files/figure-latex/unnamed-chunk-21-1.pdf>]
<_main_files/figure-latex/unnamed-chunk-23-1.pdf, id=308, 650.43pt x 505.89pt>
File: _main_files/figure-latex/unnamed-chunk-23-1.pdf Graphic file (type pdf)
<use _main_files/figure-latex/unnamed-chunk-23-1.pdf>
Package pdftex.def Info: _main_files/figure-latex/unnamed-chunk-23-1.pdf  used 
on input line 605.
(pdftex.def)             Requested size: 469.76817pt x 365.37524pt.

Underfull \vbox (badness 10000) has occurred while \output is active []

[22 <./_main_files/figure-latex/unnamed-chunk-22-1.pdf>] [23 <./_main_files/fig
ure-latex/unnamed-chunk-23-1.pdf>] [24

]
Chapter 6.
<_main_files/figure-latex/unnamed-chunk-24-1.pdf, id=334, 650.43pt x 505.89pt>
File: _main_files/figure-latex/unnamed-chunk-24-1.pdf Graphic file (type pdf)
<use _main_files/figure-latex/unnamed-chunk-24-1.pdf>
Package pdftex.def Info: _main_files/figure-latex/unnamed-chunk-24-1.pdf  used 
on input line 643.
(pdftex.def)             Requested size: 469.76817pt x 365.37524pt.
[25] [26 <./_main_files/figure-latex/unnamed-chunk-24-1.pdf>]
Chapter 7.
<_main_files/figure-latex/unnamed-chunk-28-1.pdf, id=358, 578.16pt x 578.16pt>
File: _main_files/figure-latex/unnamed-chunk-28-1.pdf Graphic file (type pdf)
<use _main_files/figure-latex/unnamed-chunk-28-1.pdf>
Package pdftex.def Info: _main_files/figure-latex/unnamed-chunk-28-1.pdf  used 
on input line 668.
(pdftex.def)             Requested size: 469.75385pt x 469.75385pt.

Underfull \vbox (badness 10000) has occurred while \output is active []

[27

]
<_main_files/figure-latex/unnamed-chunk-28-2.pdf, id=367, 578.16pt x 578.16pt>
File: _main_files/figure-latex/unnamed-chunk-28-2.pdf Graphic file (type pdf)
<use _main_files/figure-latex/unnamed-chunk-28-2.pdf>
Package pdftex.def Info: _main_files/figure-latex/unnamed-chunk-28-2.pdf  used 
on input line 670.
(pdftex.def)             Requested size: 469.75385pt x 469.75385pt.

Underfull \vbox (badness 10000) has occurred while \output is active []

[28 <./_main_files/figure-latex/unnamed-chunk-28-1.pdf>]
<_main_files/figure-latex/unnamed-chunk-28-3.pdf, id=378, 578.16pt x 578.16pt>
File: _main_files/figure-latex/unnamed-chunk-28-3.pdf Graphic file (type pdf)
<use _main_files/figure-latex/unnamed-chunk-28-3.pdf>
Package pdftex.def Info: _main_files/figure-latex/unnamed-chunk-28-3.pdf  used 
on input line 672.
(pdftex.def)             Requested size: 469.75385pt x 469.75385pt.

Underfull \vbox (badness 10000) has occurred while \output is active []

[29 <./_main_files/figure-latex/unnamed-chunk-28-2.pdf>] [30 <./_main_files/fig
ure-latex/unnamed-chunk-28-3.pdf>]
Chapter 8.
<_main_files/figure-latex/unnamed-chunk-30-1.pdf, id=400, 578.16pt x 578.16pt>
File: _main_files/figure-latex/unnamed-chunk-30-1.pdf Graphic file (type pdf)
<use _main_files/figure-latex/unnamed-chunk-30-1.pdf>
Package pdftex.def Info: _main_files/figure-latex/unnamed-chunk-30-1.pdf  used 
on input line 697.
(pdftex.def)             Requested size: 469.75385pt x 469.75385pt.

Underfull \vbox (badness 10000) has occurred while \output is active []

[31

] [32 <./_main_files/figure-latex/unnamed-chunk-30-1.pdf>]
Chapter 9.
[33

]
<_main_files/figure-latex/unnamed-chunk-35-1.pdf, id=426, 578.16pt x 578.16pt>
File: _main_files/figure-latex/unnamed-chunk-35-1.pdf Graphic file (type pdf)
<use _main_files/figure-latex/unnamed-chunk-35-1.pdf>
Package pdftex.def Info: _main_files/figure-latex/unnamed-chunk-35-1.pdf  used 
on input line 768.
(pdftex.def)             Requested size: 469.75385pt x 469.75385pt.

Underfull \vbox (badness 10000) has occurred while \output is active []

[34]
<_main_files/figure-latex/unnamed-chunk-35-2.pdf, id=431, 578.16pt x 578.16pt>
File: _main_files/figure-latex/unnamed-chunk-35-2.pdf Graphic file (type pdf)
<use _main_files/figure-latex/unnamed-chunk-35-2.pdf>
Package pdftex.def Info: _main_files/figure-latex/unnamed-chunk-35-2.pdf  used 
on input line 770.
(pdftex.def)             Requested size: 469.75385pt x 469.75385pt.

Underfull \vbox (badness 10000) has occurred while \output is active []

[35 <./_main_files/figure-latex/unnamed-chunk-35-1.pdf>]
<_main_files/figure-latex/unnamed-chunk-35-3.pdf, id=442, 578.16pt x 578.16pt>
File: _main_files/figure-latex/unnamed-chunk-35-3.pdf Graphic file (type pdf)
<use _main_files/figure-latex/unnamed-chunk-35-3.pdf>
Package pdftex.def Info: _main_files/figure-latex/unnamed-chunk-35-3.pdf  used 
on input line 772.
(pdftex.def)             Requested size: 469.75385pt x 469.75385pt.

Underfull \vbox (badness 10000) has occurred while \output is active []

[36 <./_main_files/figure-latex/unnamed-chunk-35-2.pdf>] [37 <./_main_files/fig
ure-latex/unnamed-chunk-35-3.pdf>] [38

]
Chapter 10.
<_main_files/figure-latex/unnamed-chunk-37-1.pdf, id=470, 578.16pt x 578.16pt>
File: _main_files/figure-latex/unnamed-chunk-37-1.pdf Graphic file (type pdf)
<use _main_files/figure-latex/unnamed-chunk-37-1.pdf>
Package pdftex.def Info: _main_files/figure-latex/unnamed-chunk-37-1.pdf  used 
on input line 795.
(pdftex.def)             Requested size: 469.75385pt x 469.75385pt.

Underfull \vbox (badness 10000) has occurred while \output is active []

[39] [40 <./_main_files/figure-latex/unnamed-chunk-37-1.pdf>]
<_main_files/figure-latex/unnamed-chunk-40-1.pdf, id=487, 578.16pt x 578.16pt>
File: _main_files/figure-latex/unnamed-chunk-40-1.pdf Graphic file (type pdf)
<use _main_files/figure-latex/unnamed-chunk-40-1.pdf>
Package pdftex.def Info: _main_files/figure-latex/unnamed-chunk-40-1.pdf  used 
on input line 833.
(pdftex.def)             Requested size: 469.75385pt x 469.75385pt.

Underfull \vbox (badness 10000) has occurred while \output is active []

[41]
<_main_files/figure-latex/unnamed-chunk-41-1.pdf, id=492, 578.16pt x 578.16pt>
File: _main_files/figure-latex/unnamed-chunk-41-1.pdf Graphic file (type pdf)
<use _main_files/figure-latex/unnamed-chunk-41-1.pdf>
Package pdftex.def Info: _main_files/figure-latex/unnamed-chunk-41-1.pdf  used 
on input line 845.
(pdftex.def)             Requested size: 469.75385pt x 469.75385pt.

Underfull \vbox (badness 10000) has occurred while \output is active []

[42 <./_main_files/figure-latex/unnamed-chunk-40-1.pdf>] [43 <./_main_files/fig
ure-latex/unnamed-chunk-41-1.pdf>]
*geometry* verbose mode - [ newgeometry ] result:
* driver: pdftex
* paper: <default>
* layout: <same size as paper>
* layoutoffset:(h,v)=(0.0pt,0.0pt)
* modes: twoside 
* h-part:(L,W,R)=(36.135pt, 542.02501pt, 36.135pt)
* v-part:(T,H,B)=(36.135pt, 722.7pt, 36.135pt)
* \paperwidth=614.295pt
* \paperheight=794.96999pt
* \textwidth=542.02501pt
* \textheight=722.7pt
* \oddsidemargin=-36.135pt
* \evensidemargin=-36.135pt
* \topmargin=-66.20248pt
* \headheight=12.0pt
* \headsep=18.06749pt
* \topskip=10.0pt
* \footskip=25.29494pt
* \marginparwidth=125.0pt
* \marginparsep=7.0pt
* \columnsep=10.0pt
* \skip\footins=9.0pt plus 4.0pt minus 2.0pt
* \hoffset=0.0pt
* \voffset=0.0pt
* \mag=1000
* \@twocolumnfalse
* \@twosidetrue
* \@mparswitchtrue
* \@reversemarginfalse
* (1in=72.27pt=25.4mm, 1cm=28.453pt)

[44


]
Appendix A.
<_main_files/figure-latex/unnamed-chunk-55-1.pdf, id=527, 578.16pt x 578.16pt>
File: _main_files/figure-latex/unnamed-chunk-55-1.pdf Graphic file (type pdf)
<use _main_files/figure-latex/unnamed-chunk-55-1.pdf>
Package pdftex.def Info: _main_files/figure-latex/unnamed-chunk-55-1.pdf  used 
on input line 892.
(pdftex.def)             Requested size: 510.7232pt x 510.7232pt.
<_main_files/figure-latex/unnamed-chunk-56-1.pdf, id=528, 578.16pt x 578.16pt>
File: _main_files/figure-latex/unnamed-chunk-56-1.pdf Graphic file (type pdf)
<use _main_files/figure-latex/unnamed-chunk-56-1.pdf>
Package pdftex.def Info: _main_files/figure-latex/unnamed-chunk-56-1.pdf  used 
on input line 919.
(pdftex.def)             Requested size: 510.7232pt x 510.7232pt.
<_main_files/figure-latex/unnamed-chunk-57-1.pdf, id=529, 578.16pt x 578.16pt>
File: _main_files/figure-latex/unnamed-chunk-57-1.pdf Graphic file (type pdf)
<use _main_files/figure-latex/unnamed-chunk-57-1.pdf>
Package pdftex.def Info: _main_files/figure-latex/unnamed-chunk-57-1.pdf  used 
on input line 946.
(pdftex.def)             Requested size: 510.7232pt x 510.7232pt.

Underfull \vbox (badness 10000) has occurred while \output is active []

[45] [46 <./_main_files/figure-latex/unnamed-chunk-55-1.pdf>] [47] [48 <./_main
_files/figure-latex/unnamed-chunk-56-1.pdf>] [49]
<_main_files/figure-latex/unnamed-chunk-58-1.pdf, id=563, 505.89pt x 433.62pt>
File: _main_files/figure-latex/unnamed-chunk-58-1.pdf Graphic file (type pdf)
<use _main_files/figure-latex/unnamed-chunk-58-1.pdf>
Package pdftex.def Info: _main_files/figure-latex/unnamed-chunk-58-1.pdf  used 
on input line 968.
(pdftex.def)             Requested size: 505.89645pt x 433.62555pt.
[50 <./_main_files/figure-latex/unnamed-chunk-57-1.pdf>] [51 <./_main_files/fig
ure-latex/unnamed-chunk-58-1.pdf>] [52

]
Appendix B.

LaTeX Font Warning: Font shape `T1/lmtt/bx/it' in size <10> not available
(Font)              Font shape `T1/lmtt/b/sl' tried instead on input line 992.


Package tcolorbox Warning: Discard zero height first box part due to break prob
lems (possible loss of zero height content) on input line 1101.


Underfull \vbox (badness 10000) has occurred while \output is active []

[53]

Package tcolorbox Warning: Using nobreak failed. Try to enlarge `lines before b
reak' or set page breaks manually on input line 1101.


Package tcolorbox Warning: The upper box part has become overfull on input line
 1101.

[54] [55] [56] (./_main.aux)
Package rerunfilecheck Info: File `_main.out' has not changed.
(rerunfilecheck)             Checksum: FB14D8542F3A98BC6090BBAE3738E600;2538.
 ) 
Here is how much of TeX's memory you used:
 28934 strings out of 480962
 574957 string characters out of 5905990
 926203 words of memory out of 5000000
 45444 multiletter control sequences out of 15000+600000
 623554 words of font info for 87 fonts, out of 8000000 for 9000
 14 hyphenation exceptions out of 8191
 101i,9n,108p,1342b,1001s stack positions out of 5000i,500n,10000p,200000b,80000s
{c:/Users/danny/AppData/Roaming/TinyTeX/texmf-dist/fonts/enc/dvips/lm/lm-ec.e
nc}{c:/Users/danny/AppData/Roaming/TinyTeX/texmf-dist/fonts/enc/dvips/lm/lm-mat
hex.enc}{c:/Users/danny/AppData/Roaming/TinyTeX/texmf-dist/fonts/enc/dvips/lm/l
m-mathsy.enc}{c:/Users/danny/AppData/Roaming/TinyTeX/texmf-dist/fonts/enc/dvips
/lm/lm-mathit.enc}{c:/Users/danny/AppData/Roaming/TinyTeX/texmf-dist/fonts/enc/
dvips/lm/lm-ts1.enc}{c:/Users/danny/AppData/Roaming/TinyTeX/texmf-dist/fonts/en
c/dvips/lm/lm-rm.enc}{c:/Users/danny/AppData/Roaming/TinyTeX/texmf-dist/fonts/e
nc/dvips/fira/fir_d67aat.enc}{c:/Users/danny/AppData/Roaming/TinyTeX/texmf-dist
/fonts/enc/dvips/fira/fir_iln36p.enc}<c:/Users/danny/AppData/Roaming/TinyTeX/te
xmf-dist/fonts/type1/public/fira/FiraSans-Bold.pfb><c:/Users/danny/AppData/Roam
ing/TinyTeX/texmf-dist/fonts/type1/public/fira/FiraSans-Light.pfb><c:/Users/dan
ny/AppData/Roaming/TinyTeX/texmf-dist/fonts/type1/public/fira/FiraSans-LightIta
lic.pfb><c:/Users/danny/AppData/Roaming/TinyTeX/texmf-dist/fonts/type1/public/l
m/lmex10.pfb><c:/Users/danny/AppData/Roaming/TinyTeX/texmf-dist/fonts/type1/pub
lic/lm/lmmi10.pfb><c:/Users/danny/AppData/Roaming/TinyTeX/texmf-dist/fonts/type
1/public/lm/lmmi7.pfb><c:/Users/danny/AppData/Roaming/TinyTeX/texmf-dist/fonts/
type1/public/lm/lmr10.pfb><c:/Users/danny/AppData/Roaming/TinyTeX/texmf-dist/fo
nts/type1/public/lm/lmr7.pfb><c:/Users/danny/AppData/Roaming/TinyTeX/texmf-dist
/fonts/type1/public/lm/lmsy10.pfb><c:/Users/danny/AppData/Roaming/TinyTeX/texmf
-dist/fonts/type1/public/lm/lmsy7.pfb><c:/Users/danny/AppData/Roaming/TinyTeX/t
exmf-dist/fonts/type1/public/lm/lmtk10.pfb><c:/Users/danny/AppData/Roaming/Tiny
TeX/texmf-dist/fonts/type1/public/lm/lmtko10.pfb><c:/Users/danny/AppData/Roamin
g/TinyTeX/texmf-dist/fonts/type1/public/lm/lmtt10.pfb><c:/Users/danny/AppData/R
oaming/TinyTeX/texmf-dist/fonts/type1/public/lm/lmtti10.pfb>
Output written on _main.pdf (56 pages, 4167730 bytes).
PDF statistics:
 706 PDF objects out of 1000 (max. 8388607)
 552 compressed objects within 6 object streams
 128 named destinations out of 1000 (max. 500000)
 399 words of extra memory for PDF output out of 10000 (max. 10000000)

